<?xml version="1.0" encoding="UTF-8"?>
<!-- Generated by org.testng.reporters.JUnitReportReporter -->
<testsuite hostname="VISHAL" failures="0" tests="1" name="TestCase.Validate_ButtonTestcase" time="7.324" errors="0" timestamp="2023-08-19T18:09:38 IST" skipped="0">
  <testcase classname="TestCase.Validate_ButtonTestcase" name="validatecheckinButton" time="7.324"/>
  <system-out/>
</testsuite> <!-- TestCase.Validate_ButtonTestcase -->
