<?xml version="1.0" encoding="UTF-8"?>
<!-- Generated by org.testng.reporters.JUnitReportReporter -->
<testsuite hostname="VISHAL" failures="0" tests="1" name="TestCase.HomepageTestCase" time="14.363" errors="0" timestamp="2023-08-19T18:12:27 IST" skipped="0">
  <testcase classname="TestCase.HomepageTestCase" name="tcHome01" time="14.363"/>
  <system-out/>
</testsuite> <!-- TestCase.HomepageTestCase -->
