<?xml version="1.0" encoding="UTF-8"?>
<!-- Generated by org.testng.reporters.JUnitReportReporter -->
<testsuite hostname="VISHAL" failures="0" tests="3" name="TestCase.MakeAppointmentTestCase" time="62.920" errors="0" timestamp="2023-08-19T18:09:38 IST" skipped="0">
  <testcase classname="TestCase.MakeAppointmentTestCase" name="tc005BookAppointment" time="20.941"/>
  <system-out/>
  <testcase classname="TestCase.MakeAppointmentTestCase" name="tc004BookAppointment" time="20.622"/>
  <system-out/>
  <testcase classname="TestCase.MakeAppointmentTestCase" name="tc006BookAppointment" time="21.357"/>
  <system-out/>
</testsuite> <!-- TestCase.MakeAppointmentTestCase -->
