<?xml version="1.0" encoding="UTF-8"?>
<!-- Generated by org.testng.reporters.JUnitReportReporter -->
<testsuite hostname="VISHAL" failures="0" tests="1" name="TestCase.LoginTestCase" time="15.173" errors="0" timestamp="2023-08-19T18:44:03 IST" skipped="0">
  <testcase classname="TestCase.LoginTestCase" name="tc003invalidPswd" time="15.173"/>
  <system-out/>
</testsuite> <!-- TestCase.LoginTestCase -->
